<?xml version="1.0" encoding="UTF-8"?>
<testng-results ignored="0" total="1" passed="1" failed="0" skipped="0">
  <reporter-output>
  </reporter-output>
  <suite started-at="2021-09-05T18:42:04 BDT" name="TestCases" finished-at="2021-09-05T18:42:14 BDT" duration-ms="9547">
    <groups>
    </groups>
    <test started-at="2021-09-05T18:42:04 BDT" name="Command line test" finished-at="2021-09-05T18:42:14 BDT" duration-ms="9547">
      <class name="TestCases">
        <test-method signature="flightCheckout()[pri:0, instance:TestCases@4ac3c60d]" started-at="2021-09-05T18:42:04 BDT" name="flightCheckout" finished-at="2021-09-05T18:42:14 BDT" duration-ms="9474" status="PASS">
          <reporter-output>
          </reporter-output>
        </test-method> <!-- flightCheckout -->
      </class> <!-- TestCases -->
    </test> <!-- Command line test -->
  </suite> <!-- TestCases -->
</testng-results>
