<?xml version="1.0" encoding="UTF-8"?>
<testng-results ignored="0" total="0" passed="0" failed="0" skipped="0">
  <reporter-output>
  </reporter-output>
  <suite started-at="2021-09-22T12:07:12 BDT" name="test.TestCases" finished-at="2021-09-22T12:07:12 BDT" duration-ms="9">
    <groups>
    </groups>
    <test started-at="2021-09-22T12:07:12 BDT" name="Command line test" finished-at="2021-09-22T12:07:12 BDT" duration-ms="9">
    </test> <!-- Command line test -->
  </suite> <!-- test.TestCases -->
</testng-results>
